INFO:     Started server process [17988]
INFO:     Waiting for application startup.
INFO:     Application startup complete.
INFO:     Uvicorn running on http://127.0.0.1:8000 (Press CTRL+C to quit)
ERROR:    Exception in ASGI application
Traceback (most recent call last):
  File "E:\Code\CMDB\.conda-py311\Lib\site-packages\starlette\responses.py", line 353, in __call__
    stat_result = await anyio.to_thread.run_sync(os.stat, self.path)
                  ^^^^^^^^^^^^^^^^^^^^^^^^^^^^^^^^^^^^^^^^^^^^^^^^^^
  File "E:\Code\CMDB\.conda-py311\Lib\site-packages\anyio\to_thread.py", line 63, in run_sync
    return await get_async_backend().run_sync_in_worker_thread(
           ^^^^^^^^^^^^^^^^^^^^^^^^^^^^^^^^^^^^^^^^^^^^^^^^^^^^
  File "E:\Code\CMDB\.conda-py311\Lib\site-packages\anyio\_backends\_asyncio.py", line 2502, in run_sync_in_worker_thread
    return await future
           ^^^^^^^^^^^^
  File "E:\Code\CMDB\.conda-py311\Lib\site-packages\anyio\_backends\_asyncio.py", line 986, in run
    result = context.run(func, *args)
             ^^^^^^^^^^^^^^^^^^^^^^^^
FileNotFoundError: [WinError 2] 溝固冷꼇돕寧땍돨匡숭。: 'E:\\Code\\CMDB\\frontend\\index.html'

During handling of the above exception, another exception occurred:

Traceback (most recent call last):
  File "E:\Code\CMDB\.conda-py311\Lib\site-packages\uvicorn\protocols\http\h11_impl.py", line 403, in run_asgi
    result = await app(  # type: ignore[func-returns-value]
             ^^^^^^^^^^^^^^^^^^^^^^^^^^^^^^^^^^^^^^^^^^^^^^
  File "E:\Code\CMDB\.conda-py311\Lib\site-packages\uvicorn\middleware\proxy_headers.py", line 60, in __call__
    return await self.app(scope, receive, send)
           ^^^^^^^^^^^^^^^^^^^^^^^^^^^^^^^^^^^^
  File "E:\Code\CMDB\.conda-py311\Lib\site-packages\fastapi\applications.py", line 1054, in __call__
    await super().__call__(scope, receive, send)
  File "E:\Code\CMDB\.conda-py311\Lib\site-packages\starlette\applications.py", line 113, in __call__
    await self.middleware_stack(scope, receive, send)
  File "E:\Code\CMDB\.conda-py311\Lib\site-packages\starlette\middleware\errors.py", line 186, in __call__
    raise exc
  File "E:\Code\CMDB\.conda-py311\Lib\site-packages\starlette\middleware\errors.py", line 164, in __call__
    await self.app(scope, receive, _send)
  File "E:\Code\CMDB\.conda-py311\Lib\site-packages\starlette\middleware\exceptions.py", line 63, in __call__
    await wrap_app_handling_exceptions(self.app, conn)(scope, receive, send)
  File "E:\Code\CMDB\.conda-py311\Lib\site-packages\starlette\_exception_handler.py", line 53, in wrapped_app
    raise exc
  File "E:\Code\CMDB\.conda-py311\Lib\site-packages\starlette\_exception_handler.py", line 42, in wrapped_app
    await app(scope, receive, sender)
  File "E:\Code\CMDB\.conda-py311\Lib\site-packages\starlette\routing.py", line 716, in __call__
    await self.middleware_stack(scope, receive, send)
  File "E:\Code\CMDB\.conda-py311\Lib\site-packages\starlette\routing.py", line 736, in app
    await route.handle(scope, receive, send)
  File "E:\Code\CMDB\.conda-py311\Lib\site-packages\starlette\routing.py", line 290, in handle
    await self.app(scope, receive, send)
  File "E:\Code\CMDB\.conda-py311\Lib\site-packages\starlette\routing.py", line 78, in app
    await wrap_app_handling_exceptions(app, request)(scope, receive, send)
  File "E:\Code\CMDB\.conda-py311\Lib\site-packages\starlette\_exception_handler.py", line 53, in wrapped_app
    raise exc
  File "E:\Code\CMDB\.conda-py311\Lib\site-packages\starlette\_exception_handler.py", line 42, in wrapped_app
    await app(scope, receive, sender)
  File "E:\Code\CMDB\.conda-py311\Lib\site-packages\starlette\routing.py", line 76, in app
    await response(scope, receive, send)
  File "E:\Code\CMDB\.conda-py311\Lib\site-packages\starlette\responses.py", line 356, in __call__
    raise RuntimeError(f"File at path {self.path} does not exist.")
RuntimeError: File at path E:\Code\CMDB\frontend\index.html does not exist.
